<?xml version="1.0" encoding="UTF-8"?>
<!-- Generated by org.testng.reporters.JUnitXMLReporter -->
<testsuite ignored="0" hostname="DESKTOP-9JRIH4T" failures="0" tests="11" name="Test" time="86.245" errors="0" timestamp="07 Feb 2023 11:24:43 GMT">
  <testcase classname="Test.Login" name="loginTest" time="25.261"/>
  <testcase classname="Test.Login" name="loginTest" time="25.263"/>
  <testcase classname="Test.Login" name="loginTest" time="25.295"/>
  <testcase classname="Test.Login" name="loginTest" time="24.316"/>
  <testcase classname="Test.Login" name="loginTest" time="24.348"/>
  <testcase classname="Test.Login" name="loginTest" time="24.95"/>
  <testcase classname="Test.Login" name="loginTest" time="20.33"/>
  <testcase classname="Test.Login" name="loginTest" time="20.539"/>
  <testcase classname="Test.Login" name="loginTest" time="19.904"/>
  <testcase classname="Test.Login" name="loginTest" time="12.156"/>
  <testcase classname="Test.Login" name="loginTest" time="13.043"/>
</testsuite> <!-- Test -->
